TN:
SF:C:\xampp\htdocs\way-farer\Way-Farer\server/server.js
FN:10,(anonymous_0)
FNF:1
FNH:1
FNDA:1,(anonymous_0)
DA:1,1
DA:2,1
DA:3,1
DA:5,1
DA:6,1
DA:8,1
DA:10,1
DA:11,1
DA:14,1
LF:9
LH:9
BRDA:8,0,0,1
BRDA:8,0,1,0
BRF:2
BRH:1
end_of_record
TN:
SF:C:\xampp\htdocs\way-farer\Way-Farer\server\controllers/Signup.js
FN:12,(anonymous_0)
FN:12,_callee
FN:12,signup
FNF:3
FNH:3
FNDA:1,(anonymous_0)
FNDA:10,_callee
FNDA:2,signup
DA:3,1
DA:4,1
DA:5,1
DA:6,1
DA:7,1
DA:9,1
DA:10,1
DA:12,44
DA:13,2
DA:14,2
DA:23,0
DA:24,0
DA:25,0
DA:39,1
LF:14
LH:11
BRDA:12,0,0,2
BRDA:12,0,1,2
BRDA:12,0,2,0
BRDA:12,0,3,2
BRDA:12,0,4,2
BRDA:12,0,5,0
BRDA:12,0,6,2
BRDA:12,1,0,2
BRDA:12,1,1,0
BRF:9
BRH:6
end_of_record
TN:
SF:C:\xampp\htdocs\way-farer\Way-Farer\server\db/index.js
FN:9,query
FN:9,(anonymous_1)
FN:11,(anonymous_2)
FN:14,(anonymous_3)
FNF:4
FNH:3
FNDA:2,query
FNDA:2,(anonymous_1)
FNDA:0,(anonymous_2)
FNDA:2,(anonymous_3)
DA:1,1
DA:2,1
DA:4,1
DA:9,3
DA:10,2
DA:12,0
DA:15,2
LF:7
LH:6
BRF:0
BRH:0
end_of_record
TN:
SF:C:\xampp\htdocs\way-farer\Way-Farer\server\helpers/passwordEncryption.js
FN:3,hashPassword
FN:4,(anonymous_1)
FN:5,(anonymous_2)
FNF:3
FNH:2
FNDA:2,hashPassword
FNDA:2,(anonymous_1)
FNDA:0,(anonymous_2)
DA:1,1
DA:3,3
DA:4,2
DA:5,0
DA:7,1
LF:5
LH:4
BRF:0
BRH:0
end_of_record
TN:
SF:C:\xampp\htdocs\way-farer\Way-Farer\server\helpers/tokenGeneration.js
FN:5,generateToken
FNF:1
FNH:0
FNDA:0,generateToken
DA:2,1
DA:3,1
DA:5,1
DA:6,0
DA:9,0
DA:12,1
LF:6
LH:4
BRF:0
BRH:0
end_of_record
TN:
SF:C:\xampp\htdocs\way-farer\Way-Farer\server\helpers/validatorSchema.js
FNF:0
FNH:0
DA:1,1
DA:3,1
DA:12,1
LF:3
LH:3
BRF:0
BRH:0
end_of_record
TN:
SF:C:\xampp\htdocs\way-farer\Way-Farer\server\helpers\testData/signup.js
FN:84,reset
FNF:1
FNH:0
FNDA:0,reset
DA:1,1
DA:85,0
DA:159,1
LF:3
LH:2
BRF:0
BRH:0
end_of_record
TN:
SF:C:\xampp\htdocs\way-farer\Way-Farer\server\middlewares/validator.js
FN:4,validateBody
FN:4,(anonymous_1)
FNF:2
FNH:2
FNDA:1,validateBody
FNDA:10,(anonymous_1)
DA:1,1
DA:3,1
DA:4,1
DA:5,10
DA:6,10
DA:7,8
DA:9,2
DA:10,2
DA:12,2
DA:13,2
DA:17,1
LF:11
LH:11
BRDA:6,0,0,8
BRDA:6,0,1,2
BRDA:9,1,0,2
BRDA:9,1,1,0
BRF:4
BRH:3
end_of_record
TN:
SF:C:\xampp\htdocs\way-farer\Way-Farer\server\models/Users.js
FNF:0
FNH:0
DA:1,1
DA:11,1
LF:2
LH:2
BRF:0
BRH:0
end_of_record
TN:
SF:C:\xampp\htdocs\way-farer\Way-Farer\server\routes/authRouter.js
FNF:0
FNH:0
DA:1,1
DA:2,1
DA:3,1
DA:4,1
DA:6,1
DA:7,1
DA:8,1
DA:10,1
DA:12,1
LF:9
LH:9
BRF:0
BRH:0
end_of_record
TN:
SF:C:\xampp\htdocs\way-farer\Way-Farer\server\routes/index.js
FN:4,_default
FNF:1
FNH:1
FNDA:1,_default
DA:1,1
DA:2,1
DA:4,1
DA:5,1
DA:6,1
DA:7,1
LF:6
LH:6
BRF:0
BRH:0
end_of_record
